E
======================================================================
ERROR: test (__main__.Wilma)
----------------------------------------------------------------------
Traceback (most recent call last):
  File "wilma_test.py", line 12, in setUp
    desired_capabilities=DesiredCapabilities.CHROME)
  File "/usr/local/lib/python2.7/dist-packages/selenium/webdriver/remote/webdriver.py", line 154, in __init__
    self.start_session(desired_capabilities, browser_profile)
  File "/usr/local/lib/python2.7/dist-packages/selenium/webdriver/remote/webdriver.py", line 243, in start_session
    response = self.execute(Command.NEW_SESSION, parameters)
  File "/usr/local/lib/python2.7/dist-packages/selenium/webdriver/remote/webdriver.py", line 312, in execute
    self.error_handler.check_response(response)
  File "/usr/local/lib/python2.7/dist-packages/selenium/webdriver/remote/errorhandler.py", line 242, in check_response
    raise exception_class(message, screen, stacktrace)
WebDriverException: Message: Error forwarding the new session Empty pool of VM for setup Capabilities {browserName: chrome, version: }
Stacktrace:
    at org.openqa.grid.web.servlet.handler.RequestHandler.process (RequestHandler.java:118)
    at org.openqa.grid.web.servlet.DriverServlet.process (DriverServlet.java:86)
    at org.openqa.grid.web.servlet.DriverServlet.doPost (DriverServlet.java:70)
    at javax.servlet.http.HttpServlet.service (HttpServlet.java:707)
    at javax.servlet.http.HttpServlet.service (HttpServlet.java:790)
    at org.seleniumhq.jetty9.servlet.ServletHolder.handle (ServletHolder.java:860)
    at org.seleniumhq.jetty9.servlet.ServletHandler.doHandle (ServletHandler.java:535)
    at org.seleniumhq.jetty9.server.handler.ScopedHandler.nextHandle (ScopedHandler.java:188)
    at org.seleniumhq.jetty9.server.session.SessionHandler.doHandle (SessionHandler.java:1595)
    at org.seleniumhq.jetty9.server.handler.ScopedHandler.nextHandle (ScopedHandler.java:188)
    at org.seleniumhq.jetty9.server.handler.ContextHandler.doHandle (ContextHandler.java:1253)
    at org.seleniumhq.jetty9.server.handler.ScopedHandler.nextScope (ScopedHandler.java:168)
    at org.seleniumhq.jetty9.servlet.ServletHandler.doScope (ServletHandler.java:473)
    at org.seleniumhq.jetty9.server.session.SessionHandler.doScope (SessionHandler.java:1564)
    at org.seleniumhq.jetty9.server.handler.ScopedHandler.nextScope (ScopedHandler.java:166)
    at org.seleniumhq.jetty9.server.handler.ContextHandler.doScope (ContextHandler.java:1155)
    at org.seleniumhq.jetty9.server.handler.ScopedHandler.handle (ScopedHandler.java:141)
    at org.seleniumhq.jetty9.server.handler.HandlerWrapper.handle (HandlerWrapper.java:132)
    at org.seleniumhq.jetty9.server.Server.handle (Server.java:530)
    at org.seleniumhq.jetty9.server.HttpChannel.handle (HttpChannel.java:347)
    at org.seleniumhq.jetty9.server.HttpConnection.onFillable (HttpConnection.java:256)
    at org.seleniumhq.jetty9.io.AbstractConnection$ReadCallback.succeeded (AbstractConnection.java:279)
    at org.seleniumhq.jetty9.io.FillInterest.fillable (FillInterest.java:102)
    at org.seleniumhq.jetty9.io.ChannelEndPoint$2.run (ChannelEndPoint.java:124)
    at org.seleniumhq.jetty9.util.thread.strategy.EatWhatYouKill.doProduce (EatWhatYouKill.java:247)
    at org.seleniumhq.jetty9.util.thread.strategy.EatWhatYouKill.produce (EatWhatYouKill.java:140)
    at org.seleniumhq.jetty9.util.thread.strategy.EatWhatYouKill.run (EatWhatYouKill.java:131)
    at org.seleniumhq.jetty9.util.thread.ReservedThreadExecutor$ReservedThread.run (ReservedThreadExecutor.java:382)
    at org.seleniumhq.jetty9.util.thread.QueuedThreadPool.runJob (QueuedThreadPool.java:708)
    at org.seleniumhq.jetty9.util.thread.QueuedThreadPool$2.run (QueuedThreadPool.java:626)
    at java.lang.Thread.run (Thread.java:748)

----------------------------------------------------------------------
Ran 1 test in 0.024s

FAILED (errors=1)
